<?xml version="1.0" encoding="UTF-8"?>
<testng-results ignored="0" total="1" passed="1" failed="0" skipped="0">
  <reporter-output>
  </reporter-output>
  <suite started-at="2022-08-10T20:39:42 CST" name="Default suite" finished-at="2022-08-10T20:39:45 CST" duration-ms="2982">
    <groups>
    </groups>
    <test started-at="2022-08-10T20:39:42 CST" name="Default test" finished-at="2022-08-10T20:39:45 CST" duration-ms="2982">
      <class name="com.automation.testcases.testFiltros">
        <test-method is-config="true" signature="setUp()[pri:0, instance:com.automation.testcases.testFiltros@6069db50]" started-at="2022-08-10T20:39:42 CST" name="setUp" finished-at="2022-08-10T20:39:44 CST" duration-ms="1794" status="PASS">
          <reporter-output>
          </reporter-output>
        </test-method> <!-- setUp -->
        <test-method signature="testFiltros()[pri:0, instance:com.automation.testcases.testFiltros@6069db50]" started-at="2022-08-10T20:39:44 CST" name="testFiltros" finished-at="2022-08-10T20:39:45 CST" duration-ms="1094" status="PASS">
          <reporter-output>
          </reporter-output>
        </test-method> <!-- testFiltros -->
        <test-method is-config="true" signature="tearDown()[pri:0, instance:com.automation.testcases.testFiltros@6069db50]" started-at="2022-08-10T20:39:45 CST" name="tearDown" finished-at="2022-08-10T20:39:45 CST" duration-ms="69" status="PASS">
          <reporter-output>
          </reporter-output>
        </test-method> <!-- tearDown -->
      </class> <!-- com.automation.testcases.testFiltros -->
    </test> <!-- Default test -->
  </suite> <!-- Default suite -->
</testng-results>
